F:\VSPROJECT\SONGSYSTEM\SONGSYSTEM\DEBUG\BUYMODE.OBJ
F:\VsProject\SongSystem\SongSystem\Debug\cl.command.1.tlog
F:\VsProject\SongSystem\SongSystem\Debug\CL.read.1.tlog
F:\VsProject\SongSystem\SongSystem\Debug\CL.write.1.tlog
F:\VsProject\SongSystem\SongSystem\Debug\custombuild.command.1.tlog
F:\VsProject\SongSystem\SongSystem\Debug\custombuild.read.1.tlog
F:\VsProject\SongSystem\SongSystem\Debug\custombuild.write.1.tlog
F:\VsProject\SongSystem\SongSystem\Debug\link.command.1.tlog
F:\VsProject\SongSystem\SongSystem\Debug\link.read.1.tlog
F:\VsProject\SongSystem\SongSystem\Debug\link.write.1.tlog
F:\VSPROJECT\SONGSYSTEM\SONGSYSTEM\DEBUG\MAIN.OBJ
F:\VSPROJECT\SONGSYSTEM\SONGSYSTEM\DEBUG\MOC_BUYMODE.OBJ
F:\VSPROJECT\SONGSYSTEM\SONGSYSTEM\DEBUG\MOC_SALEMODE.OBJ
F:\VSPROJECT\SONGSYSTEM\SONGSYSTEM\DEBUG\MOC_SIGN.OBJ
F:\VSPROJECT\SONGSYSTEM\SONGSYSTEM\DEBUG\MOC_SONGSYSTEM.OBJ
F:\VSPROJECT\SONGSYSTEM\SONGSYSTEM\DEBUG\MOC_STOCKMODE.OBJ
F:\VsProject\SongSystem\SongSystem\Debug\mt.command.1.tlog
F:\VsProject\SongSystem\SongSystem\Debug\mt.read.1.tlog
F:\VsProject\SongSystem\SongSystem\Debug\mt.write.1.tlog
F:\VSPROJECT\SONGSYSTEM\SONGSYSTEM\DEBUG\QRC_SONGSYSTEM.OBJ
F:\VSPROJECT\SONGSYSTEM\SONGSYSTEM\DEBUG\SALEMODE.OBJ
F:\VSPROJECT\SONGSYSTEM\SONGSYSTEM\DEBUG\SIGN.OBJ
F:\VSPROJECT\SONGSYSTEM\SONGSYSTEM\DEBUG\SONGSYSTEM.EXE.INTERMEDIATE.MANIFEST
F:\VSPROJECT\SONGSYSTEM\SONGSYSTEM\DEBUG\SONGSYSTEM.OBJ
F:\VsProject\SongSystem\SongSystem\Debug\SongSystem.write.1.tlog
F:\VSPROJECT\SONGSYSTEM\SONGSYSTEM\DEBUG\STOCKMODE.OBJ
F:\VSPROJECT\SONGSYSTEM\SONGSYSTEM\DEBUG\VC100.PDB
F:\VSPROJECT\SONGSYSTEM\SONGSYSTEM\GENERATEDFILES\DEBUG\MOC_BUYMODE.CPP
F:\VSPROJECT\SONGSYSTEM\SONGSYSTEM\GENERATEDFILES\DEBUG\MOC_SALEMODE.CPP
F:\VSPROJECT\SONGSYSTEM\SONGSYSTEM\GENERATEDFILES\DEBUG\MOC_SIGN.CPP
F:\VSPROJECT\SONGSYSTEM\SONGSYSTEM\GENERATEDFILES\DEBUG\MOC_SONGSYSTEM.CPP
F:\VSPROJECT\SONGSYSTEM\SONGSYSTEM\GENERATEDFILES\DEBUG\MOC_STOCKMODE.CPP
F:\VSPROJECT\SONGSYSTEM\SONGSYSTEM\GENERATEDFILES\QRC_SONGSYSTEM.CPP
F:\VSPROJECT\SONGSYSTEM\SONGSYSTEM\GENERATEDFILES\UI_BUYMODE.H
F:\VSPROJECT\SONGSYSTEM\SONGSYSTEM\GENERATEDFILES\UI_SALEMODE.H
F:\VSPROJECT\SONGSYSTEM\SONGSYSTEM\GENERATEDFILES\UI_SIGN.H
F:\VSPROJECT\SONGSYSTEM\SONGSYSTEM\GENERATEDFILES\UI_SONGSYSTEM.H
F:\VSPROJECT\SONGSYSTEM\SONGSYSTEM\GENERATEDFILES\UI_STOCKMODE.H
F:\VSPROJECT\SONGSYSTEM\WIN32\DEBUG\SONGSYSTEM.EXE
F:\VSPROJECT\SONGSYSTEM\WIN32\DEBUG\SONGSYSTEM.ILK
F:\VSPROJECT\SONGSYSTEM\WIN32\DEBUG\SONGSYSTEM.PDB
